*** Using Compiler 'V5.06 update 5 (build 528)', folder: 'D:\Keil_v5\ARM\ARMCC\Bin'
Build target 'F4_motor'
assembling startup_stm32f427xx.s...
compiling main.c...
compiling dma.c...
compiling gpio.c...
compiling spi.c...
compiling stm32f4xx_hal_msp.c...
compiling usart.c...
compiling tim.c...
compiling can.c...
compiling stm32f4xx_hal_can.c...
compiling stm32f4xx_it.c...
compiling stm32f4xx_hal_rcc.c...
compiling stm32f4xx_hal_flash.c...
compiling stm32f4xx_hal_dma.c...
compiling stm32f4xx_hal_rcc_ex.c...
compiling stm32f4xx_hal_flash_ex.c...
compiling stm32f4xx_hal_flash_ramfunc.c...
compiling stm32f4xx_hal_pwr.c...
compiling stm32f4xx_hal_dma_ex.c...
compiling stm32f4xx_hal_cortex.c...
compiling stm32f4xx_hal_pwr_ex.c...
compiling stm32f4xx_hal_gpio.c...
compiling stm32f4xx_hal.c...
compiling drv_can.c...
compiling alg_pid.c...
compiling system_stm32f4xx.c...
compiling drv_serial.c...
compiling stm32f4xx_hal_exti.c...
compiling tsk_callback.c...
compiling dvc_motor.c...
compiling stm32f4xx_hal_spi.c...
compiling stm32f4xx_hal_uart.c...
compiling stm32f4xx_hal_tim_ex.c...
compiling stm32f4xx_hal_tim.c...
compiling tsk_main.c...
linking...
Program Size: Code=27204 RO-data=1060 RW-data=172 ZI-data=3348  
FromELF: creating hex file...
"F4_motor\F4_motor.axf" - 0 Error(s), 0 Warning(s).
Build Time Elapsed:  00:00:21
